<?xml version="1.0" encoding="UTF-8"?>
<!-- Generated by org.testng.reporters.JUnitReportReporter -->
<testsuite hostname="Dell_pc" failures="0" tests="1" name="cucumberOptions.TestRunner" time="67.392" errors="0" timestamp="2021-03-16T23:44:29 IST" skipped="0">
  <testcase classname="cucumberOptions.TestRunner" name="feature" time="67.392"/>
  <system-out/>
</testsuite> <!-- cucumberOptions.TestRunner -->
