<?xml version="1.0" encoding="UTF-8"?>
<!-- Generated by org.testng.reporters.JUnitReportReporter -->
<testsuite hostname="Dell_pc" failures="0" tests="2" name="testcases.LoginTest" time="56.855" errors="0" timestamp="2021-02-07T20:21:24 IST" skipped="0">
  <testcase classname="testcases.LoginTest" name="login" time="39.829"/>
  <system-out/>
  <testcase classname="testcases.LoginTest" name="login" time="17.026"/>
  <system-out/>
</testsuite> <!-- testcases.LoginTest -->
